packages/rn-sdk/android/app/build/intermediates/manifest_merge_blame_file/release/manifest-merger-blame-release-report.txt
1<?xml version="1.0" encoding="utf-8"?>
2<manifest xmlns:android="http://schemas.android.com/apk/res/android"
3    package="io.aelf.portkey.demo"
4    android:versionCode="1"
5    android:versionName="1.1.0" >
6
7    <uses-sdk
8        android:minSdkVersion="26"
8-->src/main/AndroidManifest.xml
9        android:targetSdkVersion="33" />
9-->src/main/AndroidManifest.xml
10
11    <uses-permission android:name="android.permission.INTERNET" />
11-->[:library] AndroidManifest.xml:8:5-67
11-->[:library] AndroidManifest.xml:8:22-64
12    <uses-permission android:name="android.permission.CAMERA" />
12-->[:library] AndroidManifest.xml:9:5-65
12-->[:library] AndroidManifest.xml:9:22-62
13    <uses-permission android:name="android.permission.READ_MEDIA_IMAGES" />
13-->[:library] AndroidManifest.xml:10:5-76
13-->[:library] AndroidManifest.xml:10:22-73
14    <uses-permission android:name="android.permission.WAKE_LOCK" />
14-->[:react-native-background-timer] AndroidManifest.xml:7:5-68
14-->[:react-native-background-timer] AndroidManifest.xml:7:22-65
15    <uses-permission android:name="android.permission.WRITE_EXTERNAL_STORAGE" />
15-->[:expo-file-system] AndroidManifest.xml:9:5-81
15-->[:expo-file-system] AndroidManifest.xml:9:22-78
16    <uses-permission android:name="android.permission.READ_EXTERNAL_STORAGE" />
16-->[:expo-file-system] AndroidManifest.xml:10:5-80
16-->[:expo-file-system] AndroidManifest.xml:10:22-77
17
18    <queries>
18-->[:expo-file-system] AndroidManifest.xml:12:5-18:15
19
20        <!-- Query open documents -->
21        <intent>
21-->[:expo-file-system] AndroidManifest.xml:15:9-17:18
22            <action android:name="android.intent.action.OPEN_DOCUMENT_TREE" />
22-->[:expo-file-system] AndroidManifest.xml:16:13-79
22-->[:expo-file-system] AndroidManifest.xml:16:21-76
23        </intent>
24        <intent>
24-->[:expo-image-picker] AndroidManifest.xml:17:9-21:18
25
26            <!-- Required for picking images from the camera roll if targeting API 30 -->
27            <action android:name="android.media.action.IMAGE_CAPTURE" />
27-->[:expo-image-picker] AndroidManifest.xml:20:13-73
27-->[:expo-image-picker] AndroidManifest.xml:20:21-70
28        </intent>
29        <intent>
29-->[:expo-image-picker] AndroidManifest.xml:22:9-26:18
30
31            <!-- Required for picking images from the camera if targeting API 30 -->
32            <action android:name="android.media.action.ACTION_VIDEO_CAPTURE" />
32-->[:expo-image-picker] AndroidManifest.xml:25:13-80
32-->[:expo-image-picker] AndroidManifest.xml:25:21-77
33        </intent>
34        <intent>
34-->[:expo-web-browser] AndroidManifest.xml:8:9-12:18
35
36            <!-- Required for opening tabs if targeting API 30 -->
37            <action android:name="android.support.customtabs.action.CustomTabsService" />
37-->[:expo-web-browser] AndroidManifest.xml:11:13-90
37-->[:expo-web-browser] AndroidManifest.xml:11:21-87
38        </intent>
39        <intent>
39-->[com.github.CanHub:Android-Image-Cropper:4.3.1] AndroidManifest.xml:10:9-16:18
40            <action android:name="android.intent.action.GET_CONTENT" />
40-->[com.github.CanHub:Android-Image-Cropper:4.3.1] AndroidManifest.xml:11:13-72
40-->[com.github.CanHub:Android-Image-Cropper:4.3.1] AndroidManifest.xml:11:21-69
41
42            <category android:name="android.intent.category.OPENABLE" />
42-->[com.github.CanHub:Android-Image-Cropper:4.3.1] AndroidManifest.xml:13:13-73
42-->[com.github.CanHub:Android-Image-Cropper:4.3.1] AndroidManifest.xml:13:23-70
43
44            <data android:mimeType="*/*" />
44-->[com.github.CanHub:Android-Image-Cropper:4.3.1] AndroidManifest.xml:15:13-44
44-->[com.github.CanHub:Android-Image-Cropper:4.3.1] AndroidManifest.xml:15:19-41
45        </intent>
46    </queries>
47
48    <uses-permission android:name="android.permission.READ_MEDIA_VIDEO" />
48-->[:expo-image-picker] AndroidManifest.xml:14:5-75
48-->[:expo-image-picker] AndroidManifest.xml:14:22-72
49    <uses-permission android:name="android.permission.USE_FINGERPRINT" />
49-->[:expo-local-authentication] AndroidManifest.xml:7:5-74
49-->[:expo-local-authentication] AndroidManifest.xml:7:22-71
50    <uses-permission android:name="android.permission.USE_BIOMETRIC" />
50-->[:expo-local-authentication] AndroidManifest.xml:8:5-72
50-->[:expo-local-authentication] AndroidManifest.xml:8:22-69
51
52    <uses-feature
52-->[com.google.android:cameraview:1.0.0] AndroidManifest.xml:25:5-27:36
53        android:name="android.hardware.camera"
53-->[com.google.android:cameraview:1.0.0] AndroidManifest.xml:26:9-47
54        android:required="false" />
54-->[com.google.android:cameraview:1.0.0] AndroidManifest.xml:27:9-33
55    <uses-feature
55-->[com.google.android:cameraview:1.0.0] AndroidManifest.xml:28:5-30:36
56        android:name="android.hardware.camera.autofocus"
56-->[com.google.android:cameraview:1.0.0] AndroidManifest.xml:29:9-57
57        android:required="false" />
57-->[com.google.android:cameraview:1.0.0] AndroidManifest.xml:30:9-33
58
59    <permission
59-->[androidx.core:core:1.9.0] AndroidManifest.xml:22:5-24:47
60        android:name="io.aelf.portkey.demo.DYNAMIC_RECEIVER_NOT_EXPORTED_PERMISSION"
60-->[androidx.core:core:1.9.0] AndroidManifest.xml:23:9-81
61        android:protectionLevel="signature" />
61-->[androidx.core:core:1.9.0] AndroidManifest.xml:24:9-44
62
63    <uses-permission android:name="io.aelf.portkey.demo.DYNAMIC_RECEIVER_NOT_EXPORTED_PERMISSION" /> <!-- Although the *SdkVersion is captured in gradle build files, this is required for non gradle builds -->
63-->[androidx.core:core:1.9.0] AndroidManifest.xml:26:5-97
63-->[androidx.core:core:1.9.0] AndroidManifest.xml:26:22-94
64    <!-- <uses-sdk android:minSdkVersion="14"/> -->
65    <uses-permission android:name="android.permission.ACCESS_NETWORK_STATE" />
65-->[com.google.android.datatransport:transport-backend-cct:2.3.3] AndroidManifest.xml:25:5-79
65-->[com.google.android.datatransport:transport-backend-cct:2.3.3] AndroidManifest.xml:25:22-76
66    <uses-permission android:name="com.google.android.finsky.permission.BIND_GET_INSTALL_REFERRER_SERVICE" />
66-->[com.android.installreferrer:installreferrer:1.0] AndroidManifest.xml:9:5-110
66-->[com.android.installreferrer:installreferrer:1.0] AndroidManifest.xml:9:22-107
67
68    <application
68-->src/main/AndroidManifest.xml:3:5-28:19
69        android:name="io.aelf.portkey.demo.ui.DemoApplication"
69-->src/main/AndroidManifest.xml:4:9-43
70        android:allowBackup="true"
70-->src/main/AndroidManifest.xml:5:9-35
71        android:appComponentFactory="androidx.core.app.CoreComponentFactory"
71-->[androidx.core:core:1.9.0] AndroidManifest.xml:28:18-86
72        android:dataExtractionRules="@xml/data_extraction_rules"
72-->[:library] AndroidManifest.xml:14:9-65
73        android:extractNativeLibs="false"
74        android:fullBackupContent="@xml/backup_rules"
74-->[:library] AndroidManifest.xml:15:9-54
75        android:icon="@mipmap/ic_launcher"
75-->src/main/AndroidManifest.xml:6:9-43
76        android:label="@string/app_name"
76-->src/main/AndroidManifest.xml:7:9-41
77        android:networkSecurityConfig="@xml/network_security_config"
77-->[:library] AndroidManifest.xml:18:9-69
78        android:roundIcon="@mipmap/ic_launcher_round"
78-->src/main/AndroidManifest.xml:8:9-54
79        android:supportsRtl="true"
79-->src/main/AndroidManifest.xml:9:9-35
80        android:theme="@style/Theme.BaseTheme"
80-->src/main/AndroidManifest.xml:10:9-47
81        android:usesCleartextTraffic="true" >
81-->[:library] AndroidManifest.xml:22:9-44
82        <activity
82-->src/main/AndroidManifest.xml:11:9-27:20
83            android:name="io.aelf.portkey.demo.MainActivity"
83-->src/main/AndroidManifest.xml:12:13-61
84            android:exported="true"
84-->src/main/AndroidManifest.xml:13:13-36
85            android:screenOrientation="portrait"
85-->src/main/AndroidManifest.xml:14:13-49
86            android:theme="@style/Theme.BaseTheme" >
86-->src/main/AndroidManifest.xml:15:13-51
87            <intent-filter>
87-->src/main/AndroidManifest.xml:16:13-26:29
88                <action android:name="android.intent.action.MAIN" />
88-->src/main/AndroidManifest.xml:17:17-69
88-->src/main/AndroidManifest.xml:17:25-66
89
90                <category android:name="android.intent.category.LAUNCHER" />
90-->src/main/AndroidManifest.xml:18:17-77
90-->src/main/AndroidManifest.xml:18:27-74
91
92                <action android:name="android.intent.action.VIEW" />
92-->src/main/AndroidManifest.xml:19:17-69
92-->src/main/AndroidManifest.xml:19:25-66
93                <!-- <category android:name="android.intent.category.DEFAULT" /> -->
94                <!-- <category android:name="android.intent.category.BROWSABLE" /> -->
95                <!-- <data android:host="www.portkey.com" -->
96                <!-- android:scheme="portkey" -->
97                <!-- android:path="/rn" -->
98                <!-- /> -->
99            </intent-filter>
100        </activity>
101        <activity
101-->[:library] AndroidManifest.xml:24:9-28:61
102            android:name="io.aelf.portkey.components.activities.DefaultReactActivity"
102-->[:library] AndroidManifest.xml:25:13-86
103            android:launchMode="standard"
103-->[:library] AndroidManifest.xml:26:13-42
104            android:screenOrientation="portrait"
104-->[:library] AndroidManifest.xml:27:13-49
105            android:theme="@style/ReactActivityAnimation" />
105-->[:library] AndroidManifest.xml:28:13-58
106        <activity android:name="com.facebook.react.devsupport.DevSettingsActivity" />
106-->[:library] AndroidManifest.xml:29:9-86
106-->[:library] AndroidManifest.xml:29:19-83
107
108        <service android:name="io.aelf.portkey.components.services.GeneralJSMethodService" />
108-->[:library] AndroidManifest.xml:31:9-94
108-->[:library] AndroidManifest.xml:31:18-91
109
110        <provider
110-->[:react-native-webview] AndroidManifest.xml:8:9-16:20
111            android:name="com.reactnativecommunity.webview.RNCWebViewFileProvider"
111-->[:react-native-webview] AndroidManifest.xml:9:13-83
112            android:authorities="io.aelf.portkey.demo.fileprovider"
112-->[:react-native-webview] AndroidManifest.xml:10:13-64
113            android:exported="false"
113-->[:react-native-webview] AndroidManifest.xml:11:13-37
114            android:grantUriPermissions="true" >
114-->[:react-native-webview] AndroidManifest.xml:12:13-47
115            <meta-data
115-->[:react-native-webview] AndroidManifest.xml:13:13-15:63
116                android:name="android.support.FILE_PROVIDER_PATHS"
116-->[:react-native-webview] AndroidManifest.xml:14:17-67
117                android:resource="@xml/file_provider_paths" />
117-->[:react-native-webview] AndroidManifest.xml:15:17-60
118        </provider>
119
120        <meta-data
120-->[:react-native-update] AndroidManifest.xml:8:9-10:56
121            android:name="pushy_build_time"
121-->[:react-native-update] AndroidManifest.xml:9:13-44
122            android:value="@string/pushy_build_time" />
122-->[:react-native-update] AndroidManifest.xml:10:13-53
123
124        <provider
124-->[:react-native-update] AndroidManifest.xml:12:9-20:20
125            android:name="cn.reactnative.modules.update.PushyFileProvider"
125-->[:react-native-update] AndroidManifest.xml:13:13-75
126            android:authorities="io.aelf.portkey.demo.pushy.fileprovider"
126-->[:react-native-update] AndroidManifest.xml:14:13-70
127            android:exported="false"
127-->[:react-native-update] AndroidManifest.xml:15:13-37
128            android:grantUriPermissions="true" >
128-->[:react-native-update] AndroidManifest.xml:16:13-47
129            <meta-data
129-->[:react-native-webview] AndroidManifest.xml:13:13-15:63
130                android:name="android.support.FILE_PROVIDER_PATHS"
130-->[:react-native-webview] AndroidManifest.xml:14:17-67
131                android:resource="@xml/pushy_file_paths" />
131-->[:react-native-webview] AndroidManifest.xml:15:17-60
132        </provider>
133        <provider
133-->[:expo-clipboard] AndroidManifest.xml:8:9-15:20
134            android:name="expo.modules.clipboard.ClipboardFileProvider"
134-->[:expo-clipboard] AndroidManifest.xml:9:13-72
135            android:authorities="io.aelf.portkey.demo.ClipboardFileProvider"
135-->[:expo-clipboard] AndroidManifest.xml:10:13-73
136            android:exported="true" >
136-->[:expo-clipboard] AndroidManifest.xml:11:13-36
137            <meta-data
137-->[:expo-clipboard] AndroidManifest.xml:12:13-14:68
138                android:name="expo.modules.clipboard.CLIPBOARD_FILE_PROVIDER_PATHS"
138-->[:expo-clipboard] AndroidManifest.xml:13:17-84
139                android:resource="@xml/clipboard_provider_paths" />
139-->[:expo-clipboard] AndroidManifest.xml:14:17-65
140        </provider>
141        <provider
141-->[:expo-file-system] AndroidManifest.xml:21:9-30:20
142            android:name="expo.modules.filesystem.FileSystemFileProvider"
142-->[:expo-file-system] AndroidManifest.xml:22:13-74
143            android:authorities="io.aelf.portkey.demo.FileSystemFileProvider"
143-->[:expo-file-system] AndroidManifest.xml:23:13-74
144            android:exported="false"
144-->[:expo-file-system] AndroidManifest.xml:24:13-37
145            android:grantUriPermissions="true" >
145-->[:expo-file-system] AndroidManifest.xml:25:13-47
146            <meta-data
146-->[:react-native-webview] AndroidManifest.xml:13:13-15:63
147                android:name="android.support.FILE_PROVIDER_PATHS"
147-->[:react-native-webview] AndroidManifest.xml:14:17-67
148                android:resource="@xml/file_system_provider_paths" />
148-->[:react-native-webview] AndroidManifest.xml:15:17-60
149        </provider>
150
151        <service
151-->[:expo-image-picker] AndroidManifest.xml:30:9-42:19
152            android:name="com.google.android.gms.metadata.ModuleDependencies"
152-->[:expo-image-picker] AndroidManifest.xml:31:13-78
153            android:enabled="false"
153-->[:expo-image-picker] AndroidManifest.xml:32:13-36
154            android:exported="false" >
154-->[:expo-image-picker] AndroidManifest.xml:33:13-37
155            <intent-filter>
155-->[:expo-image-picker] AndroidManifest.xml:35:13-37:29
156                <action android:name="com.google.android.gms.metadata.MODULE_DEPENDENCIES" />
156-->[:expo-image-picker] AndroidManifest.xml:36:17-94
156-->[:expo-image-picker] AndroidManifest.xml:36:25-91
157            </intent-filter>
158
159            <meta-data
159-->[:expo-image-picker] AndroidManifest.xml:39:13-41:36
160                android:name="photopicker_activity:0:required"
160-->[:expo-image-picker] AndroidManifest.xml:40:17-63
161                android:value="" />
161-->[:expo-image-picker] AndroidManifest.xml:41:17-33
162        </service>
163
164        <activity
164-->[:expo-image-picker] AndroidManifest.xml:44:9-46:59
165            android:name="com.canhub.cropper.CropImageActivity"
165-->[:expo-image-picker] AndroidManifest.xml:45:13-64
166            android:exported="true"
166-->[com.github.CanHub:Android-Image-Cropper:4.3.1] AndroidManifest.xml:35:13-36
167            android:theme="@style/Base.Theme.AppCompat" /> <!-- https://developer.android.com/guide/topics/manifest/provider-element.html -->
167-->[:expo-image-picker] AndroidManifest.xml:46:13-56
168        <provider
168-->[:expo-image-picker] AndroidManifest.xml:48:9-56:20
169            android:name="expo.modules.imagepicker.fileprovider.ImagePickerFileProvider"
169-->[:expo-image-picker] AndroidManifest.xml:49:13-89
170            android:authorities="io.aelf.portkey.demo.ImagePickerFileProvider"
170-->[:expo-image-picker] AndroidManifest.xml:50:13-75
171            android:exported="false"
171-->[:expo-image-picker] AndroidManifest.xml:51:13-37
172            android:grantUriPermissions="true" >
172-->[:expo-image-picker] AndroidManifest.xml:52:13-47
173            <meta-data
173-->[:react-native-webview] AndroidManifest.xml:13:13-15:63
174                android:name="android.support.FILE_PROVIDER_PATHS"
174-->[:react-native-webview] AndroidManifest.xml:14:17-67
175                android:resource="@xml/image_picker_provider_paths" />
175-->[:react-native-webview] AndroidManifest.xml:15:17-60
176        </provider>
177
178        <meta-data
178-->[:expo-modules-core] AndroidManifest.xml:9:9-11:89
179            android:name="org.unimodules.core.AppLoader#react-native-headless"
179-->[:expo-modules-core] AndroidManifest.xml:10:13-79
180            android:value="expo.modules.adapters.react.apploader.RNHeadlessAppLoader" />
180-->[:expo-modules-core] AndroidManifest.xml:11:13-86
181        <meta-data
181-->[:expo-modules-core] AndroidManifest.xml:12:9-15:45
182            android:name="com.facebook.soloader.enabled"
182-->[:expo-modules-core] AndroidManifest.xml:13:13-57
183            android:value="true" />
183-->[:expo-modules-core] AndroidManifest.xml:14:13-33
184
185        <provider
185-->[com.github.CanHub:Android-Image-Cropper:4.3.1] AndroidManifest.xml:23:9-31:20
186            android:name="com.canhub.cropper.CropFileProvider"
186-->[com.github.CanHub:Android-Image-Cropper:4.3.1] AndroidManifest.xml:24:13-63
187            android:authorities="io.aelf.portkey.demo.cropper.fileprovider"
187-->[com.github.CanHub:Android-Image-Cropper:4.3.1] AndroidManifest.xml:25:13-72
188            android:exported="false"
188-->[com.github.CanHub:Android-Image-Cropper:4.3.1] AndroidManifest.xml:26:13-37
189            android:grantUriPermissions="true" >
189-->[com.github.CanHub:Android-Image-Cropper:4.3.1] AndroidManifest.xml:27:13-47
190            <meta-data
190-->[:react-native-webview] AndroidManifest.xml:13:13-15:63
191                android:name="android.support.FILE_PROVIDER_PATHS"
191-->[:react-native-webview] AndroidManifest.xml:14:17-67
192                android:resource="@xml/library_file_paths" />
192-->[:react-native-webview] AndroidManifest.xml:15:17-60
193        </provider>
194
195        <activity
195-->[com.google.android.gms:play-services-auth:19.2.0] AndroidManifest.xml:23:9-27:75
196            android:name="com.google.android.gms.auth.api.signin.internal.SignInHubActivity"
196-->[com.google.android.gms:play-services-auth:19.2.0] AndroidManifest.xml:24:13-93
197            android:excludeFromRecents="true"
197-->[com.google.android.gms:play-services-auth:19.2.0] AndroidManifest.xml:25:13-46
198            android:exported="false"
198-->[com.google.android.gms:play-services-auth:19.2.0] AndroidManifest.xml:26:13-37
199            android:theme="@android:style/Theme.Translucent.NoTitleBar" />
199-->[com.google.android.gms:play-services-auth:19.2.0] AndroidManifest.xml:27:13-72
200        <!--
201            Service handling Google Sign-In user revocation. For apps that do not integrate with
202            Google Sign-In, this service will never be started.
203        -->
204        <service
204-->[com.google.android.gms:play-services-auth:19.2.0] AndroidManifest.xml:33:9-37:51
205            android:name="com.google.android.gms.auth.api.signin.RevocationBoundService"
205-->[com.google.android.gms:play-services-auth:19.2.0] AndroidManifest.xml:34:13-89
206            android:exported="true"
206-->[com.google.android.gms:play-services-auth:19.2.0] AndroidManifest.xml:35:13-36
207            android:permission="com.google.android.gms.auth.api.signin.permission.REVOCATION_NOTIFICATION"
207-->[com.google.android.gms:play-services-auth:19.2.0] AndroidManifest.xml:36:13-107
208            android:visibleToInstantApps="true" />
208-->[com.google.android.gms:play-services-auth:19.2.0] AndroidManifest.xml:37:13-48
209
210        <meta-data
210-->[com.github.bumptech.glide:okhttp3-integration:4.12.0] AndroidManifest.xml:11:9-13:43
211            android:name="com.bumptech.glide.integration.okhttp3.OkHttpGlideModule"
211-->[com.github.bumptech.glide:okhttp3-integration:4.12.0] AndroidManifest.xml:12:13-84
212            android:value="GlideModule" />
212-->[com.github.bumptech.glide:okhttp3-integration:4.12.0] AndroidManifest.xml:13:13-40
213
214        <service
214-->[com.google.android.gms:play-services-mlkit-barcode-scanning:18.2.0] AndroidManifest.xml:9:9-15:19
215            android:name="com.google.mlkit.common.internal.MlKitComponentDiscoveryService"
215-->[com.google.android.gms:play-services-mlkit-barcode-scanning:18.2.0] AndroidManifest.xml:10:13-91
216            android:directBootAware="true"
216-->[com.google.mlkit:common:18.7.0] AndroidManifest.xml:17:13-43
217            android:exported="false" >
217-->[com.google.android.gms:play-services-mlkit-barcode-scanning:18.2.0] AndroidManifest.xml:11:13-37
218            <meta-data
218-->[com.google.android.gms:play-services-mlkit-barcode-scanning:18.2.0] AndroidManifest.xml:12:13-14:85
219                android:name="com.google.firebase.components:com.google.mlkit.vision.barcode.internal.BarcodeRegistrar"
219-->[com.google.android.gms:play-services-mlkit-barcode-scanning:18.2.0] AndroidManifest.xml:13:17-120
220                android:value="com.google.firebase.components.ComponentRegistrar" />
220-->[com.google.android.gms:play-services-mlkit-barcode-scanning:18.2.0] AndroidManifest.xml:14:17-82
221            <meta-data
221-->[com.google.mlkit:vision-common:17.3.0] AndroidManifest.xml:12:13-14:85
222                android:name="com.google.firebase.components:com.google.mlkit.vision.common.internal.VisionCommonRegistrar"
222-->[com.google.mlkit:vision-common:17.3.0] AndroidManifest.xml:13:17-124
223                android:value="com.google.firebase.components.ComponentRegistrar" />
223-->[com.google.mlkit:vision-common:17.3.0] AndroidManifest.xml:14:17-82
224            <meta-data
224-->[com.google.mlkit:common:18.7.0] AndroidManifest.xml:20:13-22:85
225                android:name="com.google.firebase.components:com.google.mlkit.common.internal.CommonComponentRegistrar"
225-->[com.google.mlkit:common:18.7.0] AndroidManifest.xml:21:17-120
226                android:value="com.google.firebase.components.ComponentRegistrar" />
226-->[com.google.mlkit:common:18.7.0] AndroidManifest.xml:22:17-82
227        </service>
228
229        <provider
229-->[com.google.mlkit:common:18.7.0] AndroidManifest.xml:9:9-13:38
230            android:name="com.google.mlkit.common.internal.MlKitInitProvider"
230-->[com.google.mlkit:common:18.7.0] AndroidManifest.xml:10:13-78
231            android:authorities="io.aelf.portkey.demo.mlkitinitprovider"
231-->[com.google.mlkit:common:18.7.0] AndroidManifest.xml:11:13-69
232            android:exported="false"
232-->[com.google.mlkit:common:18.7.0] AndroidManifest.xml:12:13-37
233            android:initOrder="99" />
233-->[com.google.mlkit:common:18.7.0] AndroidManifest.xml:13:13-35
234
235        <activity
235-->[com.google.android.gms:play-services-base:18.1.0] AndroidManifest.xml:20:9-22:45
236            android:name="com.google.android.gms.common.api.GoogleApiActivity"
236-->[com.google.android.gms:play-services-base:18.1.0] AndroidManifest.xml:20:19-85
237            android:exported="false"
237-->[com.google.android.gms:play-services-base:18.1.0] AndroidManifest.xml:22:19-43
238            android:theme="@android:style/Theme.Translucent.NoTitleBar" />
238-->[com.google.android.gms:play-services-base:18.1.0] AndroidManifest.xml:21:19-78
239
240        <meta-data
240-->[com.google.android.gms:play-services-basement:18.1.0] AndroidManifest.xml:21:9-23:69
241            android:name="com.google.android.gms.version"
241-->[com.google.android.gms:play-services-basement:18.1.0] AndroidManifest.xml:22:13-58
242            android:value="@integer/google_play_services_version" />
242-->[com.google.android.gms:play-services-basement:18.1.0] AndroidManifest.xml:23:13-66
243
244        <provider
244-->[androidx.emoji2:emoji2:1.3.0] AndroidManifest.xml:24:9-32:20
245            android:name="androidx.startup.InitializationProvider"
245-->[androidx.emoji2:emoji2:1.3.0] AndroidManifest.xml:25:13-67
246            android:authorities="io.aelf.portkey.demo.androidx-startup"
246-->[androidx.emoji2:emoji2:1.3.0] AndroidManifest.xml:26:13-68
247            android:exported="false" >
247-->[androidx.emoji2:emoji2:1.3.0] AndroidManifest.xml:27:13-37
248            <meta-data
248-->[androidx.emoji2:emoji2:1.3.0] AndroidManifest.xml:29:13-31:52
249                android:name="androidx.emoji2.text.EmojiCompatInitializer"
249-->[androidx.emoji2:emoji2:1.3.0] AndroidManifest.xml:30:17-75
250                android:value="androidx.startup" />
250-->[androidx.emoji2:emoji2:1.3.0] AndroidManifest.xml:31:17-49
251            <meta-data
251-->[androidx.lifecycle:lifecycle-process:2.6.2] AndroidManifest.xml:29:13-31:52
252                android:name="androidx.lifecycle.ProcessLifecycleInitializer"
252-->[androidx.lifecycle:lifecycle-process:2.6.2] AndroidManifest.xml:30:17-78
253                android:value="androidx.startup" />
253-->[androidx.lifecycle:lifecycle-process:2.6.2] AndroidManifest.xml:31:17-49
254            <meta-data
254-->[androidx.profileinstaller:profileinstaller:1.3.0] AndroidManifest.xml:29:13-31:52
255                android:name="androidx.profileinstaller.ProfileInstallerInitializer"
255-->[androidx.profileinstaller:profileinstaller:1.3.0] AndroidManifest.xml:30:17-85
256                android:value="androidx.startup" />
256-->[androidx.profileinstaller:profileinstaller:1.3.0] AndroidManifest.xml:31:17-49
257        </provider>
258
259        <receiver
259-->[androidx.profileinstaller:profileinstaller:1.3.0] AndroidManifest.xml:34:9-52:20
260            android:name="androidx.profileinstaller.ProfileInstallReceiver"
260-->[androidx.profileinstaller:profileinstaller:1.3.0] AndroidManifest.xml:35:13-76
261            android:directBootAware="false"
261-->[androidx.profileinstaller:profileinstaller:1.3.0] AndroidManifest.xml:36:13-44
262            android:enabled="true"
262-->[androidx.profileinstaller:profileinstaller:1.3.0] AndroidManifest.xml:37:13-35
263            android:exported="true"
263-->[androidx.profileinstaller:profileinstaller:1.3.0] AndroidManifest.xml:38:13-36
264            android:permission="android.permission.DUMP" >
264-->[androidx.profileinstaller:profileinstaller:1.3.0] AndroidManifest.xml:39:13-57
265            <intent-filter>
265-->[androidx.profileinstaller:profileinstaller:1.3.0] AndroidManifest.xml:40:13-42:29
266                <action android:name="androidx.profileinstaller.action.INSTALL_PROFILE" />
266-->[androidx.profileinstaller:profileinstaller:1.3.0] AndroidManifest.xml:41:17-91
266-->[androidx.profileinstaller:profileinstaller:1.3.0] AndroidManifest.xml:41:25-88
267            </intent-filter>
268            <intent-filter>
268-->[androidx.profileinstaller:profileinstaller:1.3.0] AndroidManifest.xml:43:13-45:29
269                <action android:name="androidx.profileinstaller.action.SKIP_FILE" />
269-->[androidx.profileinstaller:profileinstaller:1.3.0] AndroidManifest.xml:44:17-85
269-->[androidx.profileinstaller:profileinstaller:1.3.0] AndroidManifest.xml:44:25-82
270            </intent-filter>
271            <intent-filter>
271-->[androidx.profileinstaller:profileinstaller:1.3.0] AndroidManifest.xml:46:13-48:29
272                <action android:name="androidx.profileinstaller.action.SAVE_PROFILE" />
272-->[androidx.profileinstaller:profileinstaller:1.3.0] AndroidManifest.xml:47:17-88
272-->[androidx.profileinstaller:profileinstaller:1.3.0] AndroidManifest.xml:47:25-85
273            </intent-filter>
274            <intent-filter>
274-->[androidx.profileinstaller:profileinstaller:1.3.0] AndroidManifest.xml:49:13-51:29
275                <action android:name="androidx.profileinstaller.action.BENCHMARK_OPERATION" />
275-->[androidx.profileinstaller:profileinstaller:1.3.0] AndroidManifest.xml:50:17-95
275-->[androidx.profileinstaller:profileinstaller:1.3.0] AndroidManifest.xml:50:25-92
276            </intent-filter>
277        </receiver>
278
279        <service
279-->[com.google.android.datatransport:transport-backend-cct:2.3.3] AndroidManifest.xml:29:9-35:19
280            android:name="com.google.android.datatransport.runtime.backends.TransportBackendDiscovery"
280-->[com.google.android.datatransport:transport-backend-cct:2.3.3] AndroidManifest.xml:30:13-103
281            android:exported="false" >
281-->[com.google.android.datatransport:transport-backend-cct:2.3.3] AndroidManifest.xml:31:13-37
282            <meta-data
282-->[com.google.android.datatransport:transport-backend-cct:2.3.3] AndroidManifest.xml:32:13-34:39
283                android:name="backend:com.google.android.datatransport.cct.CctBackendFactory"
283-->[com.google.android.datatransport:transport-backend-cct:2.3.3] AndroidManifest.xml:33:17-94
284                android:value="cct" />
284-->[com.google.android.datatransport:transport-backend-cct:2.3.3] AndroidManifest.xml:34:17-36
285        </service>
286        <service
286-->[com.google.android.datatransport:transport-runtime:2.2.6] AndroidManifest.xml:26:9-30:19
287            android:name="com.google.android.datatransport.runtime.scheduling.jobscheduling.JobInfoSchedulerService"
287-->[com.google.android.datatransport:transport-runtime:2.2.6] AndroidManifest.xml:27:13-117
288            android:exported="false"
288-->[com.google.android.datatransport:transport-runtime:2.2.6] AndroidManifest.xml:28:13-37
289            android:permission="android.permission.BIND_JOB_SERVICE" >
289-->[com.google.android.datatransport:transport-runtime:2.2.6] AndroidManifest.xml:29:13-69
290        </service>
291
292        <receiver
292-->[com.google.android.datatransport:transport-runtime:2.2.6] AndroidManifest.xml:32:9-34:40
293            android:name="com.google.android.datatransport.runtime.scheduling.jobscheduling.AlarmManagerSchedulerBroadcastReceiver"
293-->[com.google.android.datatransport:transport-runtime:2.2.6] AndroidManifest.xml:33:13-132